2009.03.09 11:34 B E:\Web Projects\Mangalmurti\logo_ani.swf <-- mangalmurti /httpdocs/images logo_ani.swf
2009.06.03 11:36 B E:\Web Projects\Mangalmurti\SFA.master.vb --> www.mangalmurtiautolink.com /httpdocs/mmsoft SFA.master.vb
2009.06.03 11:39 B E:\Web Projects\Mangalmurti\UserMenu.aspx --> www.mangalmurtiautolink.com /httpdocs/mmsoft UserMenu.aspx
2009.06.03 11:39 B E:\Web Projects\Mangalmurti\SFA.master.vb --> www.mangalmurtiautolink.com /httpdocs/mmsoft SFA.master.vb
2009.06.03 11:50 B E:\Web Projects\Mangalmurti\SFA.master --> www.mangalmurtiautolink.com /httpdocs/mmsoft SFA.master
2009.06.03 11:50 B E:\Web Projects\Mangalmurti\empmaster.aspx --> www.mangalmurtiautolink.com /httpdocs/mmsoft empmaster.aspx
2009.06.03 11:52 B E:\Web Projects\Mangalmurti\SFA.master --> www.mangalmurtiautolink.com /httpdocs/mmsoft SFA.master
2009.06.03 11:53 B E:\Web Projects\Mangalmurti\SFA.master --> www.mangalmurtiautolink.com /httpdocs/mmsoft SFA.master
2009.06.03 16:06 B E:\Web Projects\Mangalmurti\SFA.master --> www.mangalmurtiautolink.com /httpdocs/mmsoft SFA.master
2009.06.03 16:07 B E:\Web Projects\Mangalmurti\SFA.master --> www.mangalmurtiautolink.com /httpdocs/mmsoft SFA.master
2009.06.03 16:08 B E:\Web Projects\Mangalmurti\SFA.master --> www.mangalmurtiautolink.com /httpdocs/mmsoft SFA.master
2009.06.03 16:09 B E:\Web Projects\Mangalmurti\SFA.master --> www.mangalmurtiautolink.com /httpdocs/mmsoft SFA.master
2009.06.03 16:10 B E:\Web Projects\Mangalmurti\SFA.master --> www.mangalmurtiautolink.com /httpdocs/mmsoft SFA.master
2009.06.03 16:20 B E:\Web Projects\Mangalmurti\SFA.master.vb --> www.mangalmurtiautolink.com /httpdocs SFA.master.vb
2009.06.03 16:20 B E:\Web Projects\Mangalmurti\SFA.master --> www.mangalmurtiautolink.com /httpdocs SFA.master
2009.06.03 16:20 B E:\Web Projects\Mangalmurti\empmaster.aspx --> www.mangalmurtiautolink.com /httpdocs/mmsoft empmaster.aspx
2009.06.03 16:22 B E:\Web Projects\Mangalmurti\UserMenu.aspx --> www.mangalmurtiautolink.com /httpdocs/mmsoft UserMenu.aspx
2009.06.03 18:40 B E:\Web Projects\Mangalmurti\mmsoft\empmaster.aspx --> www.mangalmurtiautolink.com /httpdocs/mmsoft empmaster.aspx
2009.06.05 11:11 B E:\Web Projects\Mangalmurti\mmsoft\modifytrans.aspx.vb --> www.mangalmurtiautolink.com /httpdocs/mmsoft modifytrans.aspx.vb
2009.06.05 11:11 B E:\Web Projects\Mangalmurti\mmsoft\modifytrans.aspx --> www.mangalmurtiautolink.com /httpdocs/mmsoft modifytrans.aspx
2009.06.05 11:11 B E:\Web Projects\Mangalmurti\mmsoft\paymentdetails.aspx.vb --> www.mangalmurtiautolink.com /httpdocs/mmsoft paymentdetails.aspx.vb
2009.06.05 11:11 B E:\Web Projects\Mangalmurti\mmsoft\paymentdetails.aspx --> www.mangalmurtiautolink.com /httpdocs/mmsoft paymentdetails.aspx
2009.06.05 11:11 B E:\Web Projects\Mangalmurti\mmsoft\calldetails.aspx --> www.mangalmurtiautolink.com /httpdocs/mmsoft calldetails.aspx
2009.06.05 11:11 B E:\Web Projects\Mangalmurti\mmsoft\investment_transaction.aspx --> www.mangalmurtiautolink.com /httpdocs/mmsoft investment_transaction.aspx
2009.06.05 11:11 B E:\Web Projects\Mangalmurti\mmsoft\modifycustomer.aspx --> www.mangalmurtiautolink.com /httpdocs/mmsoft modifycustomer.aspx
2009.06.05 11:11 B E:\Web Projects\Mangalmurti\mmsoft\enquiry_details.aspx --> www.mangalmurtiautolink.com /httpdocs/mmsoft enquiry_details.aspx
2009.06.05 11:11 B E:\Web Projects\Mangalmurti\mmsoft\customerdetails.aspx --> www.mangalmurtiautolink.com /httpdocs/mmsoft customerdetails.aspx
2009.06.05 11:12 B E:\Web Projects\Mangalmurti\mmsoft\modifyemp.aspx --> www.mangalmurtiautolink.com /httpdocs/mmsoft modifyemp.aspx
2009.06.05 11:12 B E:\Web Projects\Mangalmurti\mmsoft\empmaster.aspx --> www.mangalmurtiautolink.com /httpdocs/mmsoft empmaster.aspx
2009.06.05 11:25 B E:\Web Projects\Mangalmurti\mmsoft\investment_transaction.aspx --> www.mangalmurtiautolink.com /httpdocs/mmsoft investment_transaction.aspx
2009.06.05 11:27 B E:\Web Projects\Mangalmurti\mmsoft\investment_transaction.aspx.vb --> www.mangalmurtiautolink.com /httpdocs/mmsoft investment_transaction.aspx.vb
2009.06.05 11:28 B E:\Web Projects\Mangalmurti\mmsoft\investment_transaction.aspx.vb --> www.mangalmurtiautolink.com /httpdocs/mmsoft investment_transaction.aspx.vb
2009.06.05 11:36 B E:\Web Projects\Mangalmurti\mmsoft\paymentdetails.aspx --> www.mangalmurtiautolink.com /httpdocs/mmsoft paymentdetails.aspx
2009.06.05 11:40 B E:\Web Projects\Mangalmurti\mmsoft\paymentdetails.aspx.vb --> www.mangalmurtiautolink.com /httpdocs/mmsoft paymentdetails.aspx.vb
2009.06.30 11:12 B E:\Web Projects\Mangalmurti\mmsoft\modifycustomer.aspx --> www.mangalmurtiautolink.com /httpdocs/mmsoft modifycustomer.aspx
2009.06.30 11:12 B E:\Web Projects\Mangalmurti\mmsoft\admin_login.aspx --> www.mangalmurtiautolink.com /httpdocs/mmsoft admin_login.aspx
2009.06.30 11:12 B E:\Web Projects\Mangalmurti\mmsoft\admin_login.aspx.vb --> www.mangalmurtiautolink.com /httpdocs/mmsoft admin_login.aspx.vb
2009.06.30 11:12 B E:\Web Projects\Mangalmurti\mmsoft\user_login.aspx --> www.mangalmurtiautolink.com /httpdocs/mmsoft user_login.aspx
2009.06.30 11:12 B E:\Web Projects\Mangalmurti\mmsoft\user_login.aspx.vb --> www.mangalmurtiautolink.com /httpdocs/mmsoft user_login.aspx.vb
2009.06.30 11:12 B E:\Web Projects\Mangalmurti\mmsoft\payment_toInvdetails.aspx --> www.mangalmurtiautolink.com /httpdocs/mmsoft payment_toInvdetails.aspx
2009.06.30 11:13 B E:\Web Projects\Mangalmurti\mmsoft\modifytrans.aspx.vb --> www.mangalmurtiautolink.com /httpdocs/mmsoft modifytrans.aspx.vb
2009.06.30 11:13 B E:\Web Projects\Mangalmurti\mmsoft\investment_transaction.aspx.vb --> www.mangalmurtiautolink.com /httpdocs/mmsoft investment_transaction.aspx.vb
2009.06.30 11:13 B E:\Web Projects\Mangalmurti\mmsoft\investment_transaction.aspx --> www.mangalmurtiautolink.com /httpdocs/mmsoft investment_transaction.aspx
2009.06.30 11:13 B E:\Web Projects\Mangalmurti\mmsoft\modifytrans.aspx --> www.mangalmurtiautolink.com /httpdocs/mmsoft modifytrans.aspx
2009.06.30 11:13 B E:\Web Projects\Mangalmurti\mmsoft\calldetails.aspx --> www.mangalmurtiautolink.com /httpdocs/mmsoft calldetails.aspx
2009.06.30 11:13 B E:\Web Projects\Mangalmurti\mmsoft\enquiry_details.aspx --> www.mangalmurtiautolink.com /httpdocs/mmsoft enquiry_details.aspx
2009.06.30 11:13 B E:\Web Projects\Mangalmurti\mmsoft\customerdetails.aspx --> www.mangalmurtiautolink.com /httpdocs/mmsoft customerdetails.aspx
2009.06.30 11:13 B E:\Web Projects\Mangalmurti\mmsoft\empmaster.aspx --> www.mangalmurtiautolink.com /httpdocs/mmsoft empmaster.aspx
2009.06.30 11:13 B E:\Web Projects\Mangalmurti\mmsoft\modifyemp.aspx --> www.mangalmurtiautolink.com /httpdocs/mmsoft modifyemp.aspx
2009.06.30 11:13 B E:\Web Projects\Mangalmurti\mmsoft\locationemp.aspx --> www.mangalmurtiautolink.com /httpdocs/mmsoft locationemp.aspx
2009.06.30 11:13 B E:\Web Projects\Mangalmurti\mmsoft\insurancemaster.aspx --> www.mangalmurtiautolink.com /httpdocs/mmsoft insurancemaster.aspx
2009.06.30 11:13 B E:\Web Projects\Mangalmurti\mmsoft\BankMaster.aspx --> www.mangalmurtiautolink.com /httpdocs/mmsoft BankMaster.aspx
2009.06.30 11:14 B E:\Web Projects\Mangalmurti\mmsoft\modelmaster.aspx --> www.mangalmurtiautolink.com /httpdocs/mmsoft modelmaster.aspx
2009.06.30 11:14 B E:\Web Projects\Mangalmurti\mmsoft\schememaster.aspx --> www.mangalmurtiautolink.com /httpdocs/mmsoft schememaster.aspx
2009.06.30 11:14 B E:\Web Projects\Mangalmurti\mmsoft\brandmaster.aspx --> www.mangalmurtiautolink.com /httpdocs/mmsoft brandmaster.aspx
2009.06.30 11:14 B E:\Web Projects\Mangalmurti\mmsoft\PaymenttoInv.aspx --> www.mangalmurtiautolink.com /httpdocs/mmsoft PaymenttoInv.aspx
2009.06.30 11:14 B E:\Web Projects\Mangalmurti\mmsoft\PaymenttoInv.aspx.vb --> www.mangalmurtiautolink.com /httpdocs/mmsoft PaymenttoInv.aspx.vb
2009.06.30 11:14 B E:\Web Projects\Mangalmurti\mmsoft\payment_toInvdetails.aspx.vb --> www.mangalmurtiautolink.com /httpdocs/mmsoft payment_toInvdetails.aspx.vb
2009.06.30 11:14 B E:\Web Projects\Mangalmurti\mmsoft\modify_PaymenttoInv.aspx.vb --> www.mangalmurtiautolink.com /httpdocs/mmsoft modify_PaymenttoInv.aspx.vb
2009.06.30 11:14 B E:\Web Projects\Mangalmurti\mmsoft\modify_PaymenttoInv.aspx --> www.mangalmurtiautolink.com /httpdocs/mmsoft modify_PaymenttoInv.aspx
2009.06.30 11:14 B E:\Web Projects\Mangalmurti\mmsoft\paymentdetails.aspx --> www.mangalmurtiautolink.com /httpdocs/mmsoft paymentdetails.aspx
2009.06.30 11:14 B E:\Web Projects\Mangalmurti\mmsoft\paymentdetails.aspx.vb --> www.mangalmurtiautolink.com /httpdocs/mmsoft paymentdetails.aspx.vb
2009.06.30 11:14 B E:\Web Projects\Mangalmurti\mmsoft\TrialAdmin.aspx.vb --> www.mangalmurtiautolink.com /httpdocs/mmsoft TrialAdmin.aspx.vb
2009.06.30 11:14 B E:\Web Projects\Mangalmurti\mmsoft\TrialAdmin.aspx --> www.mangalmurtiautolink.com /httpdocs/mmsoft TrialAdmin.aspx
2009.06.30 11:15 B E:\Web Projects\Mangalmurti\mmsoft\locationemp.aspx.vb --> www.mangalmurtiautolink.com /httpdocs/mmsoft locationemp.aspx.vb
2009.06.30 11:15 B E:\Web Projects\Mangalmurti\mmsoft\modelmaster.aspx.vb --> www.mangalmurtiautolink.com /httpdocs/mmsoft modelmaster.aspx.vb
2009.06.30 11:15 B E:\Web Projects\Mangalmurti\mmsoft\insurancemaster.aspx.vb --> www.mangalmurtiautolink.com /httpdocs/mmsoft insurancemaster.aspx.vb
2009.06.30 11:15 B E:\Web Projects\Mangalmurti\mmsoft\schememaster.aspx.vb --> www.mangalmurtiautolink.com /httpdocs/mmsoft schememaster.aspx.vb
2009.06.30 11:15 B E:\Web Projects\Mangalmurti\mmsoft\brandmaster.aspx.vb --> www.mangalmurtiautolink.com /httpdocs/mmsoft brandmaster.aspx.vb
2009.06.30 11:15 B E:\Web Projects\Mangalmurti\mmsoft\BankMaster.aspx.vb --> www.mangalmurtiautolink.com /httpdocs/mmsoft BankMaster.aspx.vb
2009.06.30 11:15 B E:\Web Projects\Mangalmurti\mmsoft\TrialPage.aspx --> www.mangalmurtiautolink.com /httpdocs/mmsoft TrialPage.aspx
2009.06.30 11:15 B E:\Web Projects\Mangalmurti\mmsoft\empmaster.aspx.vb --> www.mangalmurtiautolink.com /httpdocs/mmsoft empmaster.aspx.vb
2009.06.30 11:15 B E:\Web Projects\Mangalmurti\mmsoft\locationmaster.aspx --> www.mangalmurtiautolink.com /httpdocs/mmsoft locationmaster.aspx
2009.06.30 11:15 B E:\Web Projects\Mangalmurti\mmsoft\locationmaster.aspx.vb --> www.mangalmurtiautolink.com /httpdocs/mmsoft locationmaster.aspx.vb
2009.06.30 11:15 B E:\Web Projects\Mangalmurti\mmsoft\admin_module.htm --> www.mangalmurtiautolink.com /httpdocs/mmsoft admin_module.htm
2009.06.30 11:15 B E:\Web Projects\Mangalmurti\mmsoft\user_module.htm --> www.mangalmurtiautolink.com /httpdocs/mmsoft user_module.htm
2009.06.30 11:15 B E:\Web Projects\Mangalmurti\mmsoft\trial page.txt --> www.mangalmurtiautolink.com /httpdocs/mmsoft trial page.txt
2009.06.30 11:15 B E:\Web Projects\Mangalmurti\mmsoft\newlogin.aspx --> www.mangalmurtiautolink.com /httpdocs/mmsoft newlogin.aspx
2009.06.30 11:16 B E:\Web Projects\Mangalmurti\mmsoft\frmCustomerPriorityMaster.aspx.vb --> www.mangalmurtiautolink.com /httpdocs/mmsoft frmCustomerPriorityMaster.aspx.vb
2009.06.30 11:16 B E:\Web Projects\Mangalmurti\mmsoft\frmCustomerPriorityMaster.aspx --> www.mangalmurtiautolink.com /httpdocs/mmsoft frmCustomerPriorityMaster.aspx
2009.06.30 11:16 B E:\Web Projects\Mangalmurti\mmsoft\Default.aspx --> www.mangalmurtiautolink.com /httpdocs/mmsoft Default.aspx
2009.06.30 11:16 B E:\Web Projects\Mangalmurti\mmsoft\Default Design Code.txt --> www.mangalmurtiautolink.com /httpdocs/mmsoft Default Design Code.txt
2009.06.30 11:16 B E:\Web Projects\Mangalmurti\mmsoft\UserMenu.aspx --> www.mangalmurtiautolink.com /httpdocs/mmsoft UserMenu.aspx
2009.06.30 11:16 B E:\Web Projects\Mangalmurti\mmsoft\vwd.webinfo --> www.mangalmurtiautolink.com /httpdocs/mmsoft vwd.webinfo
2009.06.30 11:16 B E:\Web Projects\Mangalmurti\mmsoft\modifycustomer.aspx.vb --> www.mangalmurtiautolink.com /httpdocs/mmsoft modifycustomer.aspx.vb
2009.06.30 11:16 B E:\Web Projects\Mangalmurti\mmsoft\enquiry_details.aspx.vb --> www.mangalmurtiautolink.com /httpdocs/mmsoft enquiry_details.aspx.vb
2009.06.30 11:16 B E:\Web Projects\Mangalmurti\mmsoft\CustomerBirthDate.rpt --> www.mangalmurtiautolink.com /httpdocs/mmsoft CustomerBirthDate.rpt
2009.06.30 11:16 B E:\Web Projects\Mangalmurti\mmsoft\CustomerBirthDateReport.aspx --> www.mangalmurtiautolink.com /httpdocs/mmsoft CustomerBirthDateReport.aspx
2009.06.30 11:16 B E:\Web Projects\Mangalmurti\mmsoft\CustomerBirthDateReport.aspx.vb --> www.mangalmurtiautolink.com /httpdocs/mmsoft CustomerBirthDateReport.aspx.vb
2009.06.30 11:16 B E:\Web Projects\Mangalmurti\mmsoft\employee_report.rpt --> www.mangalmurtiautolink.com /httpdocs/mmsoft employee_report.rpt
2009.06.30 11:16 B E:\Web Projects\Mangalmurti\mmsoft\modifyemp.aspx.vb --> www.mangalmurtiautolink.com /httpdocs/mmsoft modifyemp.aspx.vb
2009.06.30 11:16 B E:\Web Projects\Mangalmurti\mmsoft\customerdetails.aspx.vb --> www.mangalmurtiautolink.com /httpdocs/mmsoft customerdetails.aspx.vb
2009.06.30 11:16 B E:\Web Projects\Mangalmurti\mmsoft\TrialPage.aspx.vb --> www.mangalmurtiautolink.com /httpdocs/mmsoft TrialPage.aspx.vb
2009.06.30 11:16 B E:\Web Projects\Mangalmurti\mmsoft\calldetails.aspx.vb --> www.mangalmurtiautolink.com /httpdocs/mmsoft calldetails.aspx.vb
2009.06.30 11:16 B E:\Web Projects\Mangalmurti\mmsoft\UserMenu.aspx.vb --> www.mangalmurtiautolink.com /httpdocs/mmsoft UserMenu.aspx.vb
2009.06.30 11:16 B E:\Web Projects\Mangalmurti\mmsoft\newlogin.aspx.vb --> www.mangalmurtiautolink.com /httpdocs/mmsoft newlogin.aspx.vb
2009.06.30 11:17 B E:\Web Projects\Mangalmurti\mmsoft\Global.asax --> www.mangalmurtiautolink.com /httpdocs/mmsoft Global.asax
2009.06.30 11:17 B E:\Web Projects\Mangalmurti\mmsoft\customer_report.rpt --> www.mangalmurtiautolink.com /httpdocs/mmsoft customer_report.rpt
2009.06.30 11:17 B E:\Web Projects\Mangalmurti\mmsoft\Default.aspx.vb --> www.mangalmurtiautolink.com /httpdocs/mmsoft Default.aspx.vb
2009.06.30 11:17 B E:\Web Projects\Mangalmurti\mmsoft\callreport.rpt --> www.mangalmurtiautolink.com /httpdocs/mmsoft callreport.rpt
2009.06.30 11:17 B E:\Web Projects\Mangalmurti\mmsoft\mytest.aspx.vb --> www.mangalmurtiautolink.com /httpdocs/mmsoft mytest.aspx.vb
2009.06.30 11:17 B E:\Web Projects\Mangalmurti\mmsoft\mytest.aspx --> www.mangalmurtiautolink.com /httpdocs/mmsoft mytest.aspx
2009.06.30 11:17 B E:\Web Projects\Mangalmurti\mmsoft\viewcallreport.aspx --> www.mangalmurtiautolink.com /httpdocs/mmsoft viewcallreport.aspx
2009.06.30 11:17 B E:\Web Projects\Mangalmurti\mmsoft\viewcallreport.aspx.vb --> www.mangalmurtiautolink.com /httpdocs/mmsoft viewcallreport.aspx.vb
2009.06.30 11:17 B E:\Web Projects\Mangalmurti\mmsoft\CrystalReport1.rpt --> www.mangalmurtiautolink.com /httpdocs/mmsoft CrystalReport1.rpt
2009.06.30 11:17 B E:\Web Projects\Mangalmurti\mmsoft\customer_list.aspx --> www.mangalmurtiautolink.com /httpdocs/mmsoft customer_list.aspx
2009.06.30 11:17 B E:\Web Projects\Mangalmurti\mmsoft\employee_list.aspx --> www.mangalmurtiautolink.com /httpdocs/mmsoft employee_list.aspx
2009.06.30 11:17 B E:\Web Projects\Mangalmurti\mmsoft\employee_list.aspx.vb --> www.mangalmurtiautolink.com /httpdocs/mmsoft employee_list.aspx.vb
2009.06.30 11:17 B E:\Web Projects\Mangalmurti\mmsoft\customer_list.aspx.vb --> www.mangalmurtiautolink.com /httpdocs/mmsoft customer_list.aspx.vb
2009.06.30 12:04 B E:\Web Projects\Mangalmurti\mmsoft\customer_list.aspx --> www.mangalmurtiautolink.com /httpdocs/mmsoft customer_list.aspx
2009.06.30 12:04 B E:\Web Projects\Mangalmurti\mmsoft\customer_list.aspx.vb --> www.mangalmurtiautolink.com /httpdocs/mmsoft customer_list.aspx.vb
2009.06.30 12:08 B E:\Web Projects\Mangalmurti\mmsoft\customer_list.aspx --> www.mangalmurtiautolink.com /httpdocs/mmsoft customer_list.aspx
2009.06.30 15:08 B E:\Web Projects\Mangalmurti\mmsoft\Payment_DueDate.aspx --> www.mangalmurtiautolink.com /httpdocs/mmsoft Payment_DueDate.aspx
2009.06.30 15:08 B E:\Web Projects\Mangalmurti\mmsoft\Payment_DueDate.aspx.vb --> www.mangalmurtiautolink.com /httpdocs/mmsoft Payment_DueDate.aspx.vb
2009.06.30 15:08 B E:\Web Projects\Mangalmurti\mmsoft\CustomerCalls.aspx --> www.mangalmurtiautolink.com /httpdocs/mmsoft CustomerCalls.aspx
2009.06.30 15:08 B E:\Web Projects\Mangalmurti\mmsoft\CustomerCalls.aspx.vb --> www.mangalmurtiautolink.com /httpdocs/mmsoft CustomerCalls.aspx.vb
2009.06.30 15:08 B E:\Web Projects\Mangalmurti\mmsoft\Call_List.aspx --> www.mangalmurtiautolink.com /httpdocs/mmsoft Call_List.aspx
2009.06.30 15:08 B E:\Web Projects\Mangalmurti\mmsoft\modifycustomer.aspx --> www.mangalmurtiautolink.com /httpdocs/mmsoft modifycustomer.aspx
2009.06.30 15:08 B E:\Web Projects\Mangalmurti\mmsoft\Call_List.aspx.vb --> www.mangalmurtiautolink.com /httpdocs/mmsoft Call_List.aspx.vb
2009.06.30 15:08 B E:\Web Projects\Mangalmurti\mmsoft\calldetails.aspx --> www.mangalmurtiautolink.com /httpdocs/mmsoft calldetails.aspx
2009.06.30 15:08 B E:\Web Projects\Mangalmurti\mmsoft\customer_list.aspx --> www.mangalmurtiautolink.com /httpdocs/mmsoft customer_list.aspx
2009.06.30 15:08 B E:\Web Projects\Mangalmurti\mmsoft\customer_list.aspx.vb --> www.mangalmurtiautolink.com /httpdocs/mmsoft customer_list.aspx.vb
2009.06.30 15:11 B E:\Web Projects\Mangalmurti\mmsoft\Call_List.aspx --> www.mangalmurtiautolink.com /httpdocs/mmsoft Call_List.aspx
2009.06.30 15:33 B E:\Web Projects\Mangalmurti\mmsoft\employee_list.aspx --> www.mangalmurtiautolink.com /httpdocs/mmsoft employee_list.aspx
2009.06.30 15:33 B E:\Web Projects\Mangalmurti\mmsoft\customer_list.aspx --> www.mangalmurtiautolink.com /httpdocs/mmsoft customer_list.aspx
2009.06.30 15:33 B E:\Web Projects\Mangalmurti\mmsoft\Call_List.aspx --> www.mangalmurtiautolink.com /httpdocs/mmsoft Call_List.aspx
2009.06.30 15:33 B E:\Web Projects\Mangalmurti\mmsoft\Call_List.aspx.vb --> www.mangalmurtiautolink.com /httpdocs/mmsoft Call_List.aspx.vb
